2022-07-19 20:13:56,490 WARN Day18Logging [main] This is a warning
2022-07-19 20:13:56,498 ERROR Day18Logging [main] This is an error!
2022-07-19 20:45:27,682 WARN o.a.h.u.Shell [main] Did not find winutils.exe: java.io.FileNotFoundException: java.io.FileNotFoundException: HADOOP_HOME and hadoop.home.dir are unset. -see https://wiki.apache.org/hadoop/WindowsProblems
2022-07-19 20:45:27,748 WARN o.a.h.u.NativeCodeLoader [main] Unable to load native-hadoop library for your platform... using builtin-java classes where applicable
2022-07-19 20:46:57,008 WARN o.a.h.u.Shell [main] Did not find winutils.exe: java.io.FileNotFoundException: java.io.FileNotFoundException: HADOOP_HOME and hadoop.home.dir are unset. -see https://wiki.apache.org/hadoop/WindowsProblems
2022-07-19 20:46:57,049 WARN o.a.h.u.NativeCodeLoader [main] Unable to load native-hadoop library for your platform... using builtin-java classes where applicable
2022-07-19 20:52:39,780 WARN o.a.h.u.Shell [main] Did not find winutils.exe: java.io.FileNotFoundException: java.io.FileNotFoundException: HADOOP_HOME and hadoop.home.dir are unset. -see https://wiki.apache.org/hadoop/WindowsProblems
2022-07-19 20:52:39,813 WARN o.a.h.u.NativeCodeLoader [main] Unable to load native-hadoop library for your platform... using builtin-java classes where applicable
2022-07-19 20:52:52,958 WARN o.a.s.e.ProcfsMetricsGetter [driver-heartbeater] Exception when trying to compute pagesize, as a result reporting of ProcessTree metrics is stopped
2022-07-19 20:55:04,546 WARN o.a.h.u.Shell [main] Did not find winutils.exe: java.io.FileNotFoundException: java.io.FileNotFoundException: HADOOP_HOME and hadoop.home.dir are unset. -see https://wiki.apache.org/hadoop/WindowsProblems
2022-07-19 20:55:04,582 WARN o.a.h.u.NativeCodeLoader [main] Unable to load native-hadoop library for your platform... using builtin-java classes where applicable
2022-07-24 22:06:44,825 WARN o.a.h.u.Shell [main] Did not find winutils.exe: java.io.FileNotFoundException: java.io.FileNotFoundException: HADOOP_HOME and hadoop.home.dir are unset. -see https://wiki.apache.org/hadoop/WindowsProblems
2022-07-24 22:06:44,865 WARN o.a.h.u.NativeCodeLoader [main] Unable to load native-hadoop library for your platform... using builtin-java classes where applicable
2022-07-24 22:09:22,720 WARN o.a.h.u.NativeCodeLoader [main] Unable to load native-hadoop library for your platform... using builtin-java classes where applicable
2022-07-24 22:09:58,689 WARN o.a.h.u.NativeCodeLoader [main] Unable to load native-hadoop library for your platform... using builtin-java classes where applicable
2022-07-24 22:14:42,418 WARN o.a.h.u.NativeCodeLoader [main] Unable to load native-hadoop library for your platform... using builtin-java classes where applicable
2022-07-24 22:16:18,214 WARN o.a.h.u.NativeCodeLoader [main] Unable to load native-hadoop library for your platform... using builtin-java classes where applicable
2022-07-24 22:19:03,597 WARN o.a.h.u.NativeCodeLoader [main] Unable to load native-hadoop library for your platform... using builtin-java classes where applicable
2022-07-24 22:19:16,018 WARN o.a.s.e.ProcfsMetricsGetter [driver-heartbeater] Exception when trying to compute pagesize, as a result reporting of ProcessTree metrics is stopped
2022-07-28 19:04:39,255 WARN o.a.s.e.ProcfsMetricsGetter [driver-heartbeater] Exception when trying to compute pagesize, as a result reporting of ProcessTree metrics is stopped
2022-07-28 19:14:29,909 WARN o.a.s.e.ProcfsMetricsGetter [driver-heartbeater] Exception when trying to compute pagesize, as a result reporting of ProcessTree metrics is stopped
2022-07-28 19:15:41,192 ERROR o.a.s.ContextCleaner [Spark Context Cleaner] Error cleaning shuffle 2
java.lang.NullPointerException: null
	at org.apache.spark.MapOutputTrackerMaster.$anonfun$unregisterShuffle$1(MapOutputTracker.scala:882) ~[spark-core_2.13-3.3.0.jar:3.3.0]
	at org.apache.spark.MapOutputTrackerMaster.$anonfun$unregisterShuffle$1$adapted(MapOutputTracker.scala:881) ~[spark-core_2.13-3.3.0.jar:3.3.0]
	at scala.Option.foreach(Option.scala:437) ~[scala-library-2.13.8.jar:?]
	at org.apache.spark.MapOutputTrackerMaster.unregisterShuffle(MapOutputTracker.scala:881) ~[spark-core_2.13-3.3.0.jar:3.3.0]
	at org.apache.spark.ContextCleaner.doCleanupShuffle(ContextCleaner.scala:241) ~[spark-core_2.13-3.3.0.jar:3.3.0]
	at org.apache.spark.ContextCleaner.$anonfun$keepCleaning$3(ContextCleaner.scala:202) ~[spark-core_2.13-3.3.0.jar:3.3.0]
	at org.apache.spark.ContextCleaner.$anonfun$keepCleaning$3$adapted(ContextCleaner.scala:195) ~[spark-core_2.13-3.3.0.jar:3.3.0]
	at scala.Option.foreach(Option.scala:437) ~[scala-library-2.13.8.jar:?]
	at org.apache.spark.ContextCleaner.$anonfun$keepCleaning$1(ContextCleaner.scala:195) ~[spark-core_2.13-3.3.0.jar:3.3.0]
	at org.apache.spark.util.Utils$.tryOrStopSparkContext(Utils.scala:1446) ~[spark-core_2.13-3.3.0.jar:3.3.0]
	at org.apache.spark.ContextCleaner.org$apache$spark$ContextCleaner$$keepCleaning(ContextCleaner.scala:189) ~[spark-core_2.13-3.3.0.jar:3.3.0]
	at org.apache.spark.ContextCleaner$$anon$1.run(ContextCleaner.scala:79) ~[spark-core_2.13-3.3.0.jar:3.3.0]
2022-07-28 19:15:43,118 WARN o.a.s.e.ProcfsMetricsGetter [executor-heartbeater] Exception when trying to compute pagesize, as a result reporting of ProcessTree metrics is stopped
2022-07-28 19:21:28,777 WARN o.a.s.e.ProcfsMetricsGetter [executor-heartbeater] Exception when trying to compute pagesize, as a result reporting of ProcessTree metrics is stopped
2022-07-28 19:23:50,292 WARN o.a.s.e.ProcfsMetricsGetter [driver-heartbeater] Exception when trying to compute pagesize, as a result reporting of ProcessTree metrics is stopped
2022-07-28 19:32:25,538 WARN o.a.s.e.ProcfsMetricsGetter [driver-heartbeater] Exception when trying to compute pagesize, as a result reporting of ProcessTree metrics is stopped
2022-07-28 19:34:13,314 WARN o.a.s.e.ProcfsMetricsGetter [executor-heartbeater] Exception when trying to compute pagesize, as a result reporting of ProcessTree metrics is stopped
2022-08-08 20:51:03,124 WARN o.a.s.e.ProcfsMetricsGetter [executor-heartbeater] Exception when trying to compute pagesize, as a result reporting of ProcessTree metrics is stopped
2022-08-08 20:51:07,007 WARN o.a.s.s.c.u.package [main] Truncated the string representation of a plan since it was too large. This behavior can be adjusted by setting 'spark.sql.debug.maxToStringFields'.
2022-08-08 20:52:30,315 WARN o.a.s.e.ProcfsMetricsGetter [driver-heartbeater] Exception when trying to compute pagesize, as a result reporting of ProcessTree metrics is stopped
2022-08-08 20:52:33,573 WARN o.a.s.s.c.u.package [main] Truncated the string representation of a plan since it was too large. This behavior can be adjusted by setting 'spark.sql.debug.maxToStringFields'.
2022-08-11 18:43:07,505 WARN o.a.s.e.ProcfsMetricsGetter [driver-heartbeater] Exception when trying to compute pagesize, as a result reporting of ProcessTree metrics is stopped
2022-08-16 18:28:08,934 WARN o.a.s.e.ProcfsMetricsGetter [executor-heartbeater] Exception when trying to compute pagesize, as a result reporting of ProcessTree metrics is stopped
2022-08-16 21:09:27,531 WARN o.a.s.e.ProcfsMetricsGetter [executor-heartbeater] Exception when trying to compute pagesize, as a result reporting of ProcessTree metrics is stopped
2022-08-17 21:17:53,329 WARN o.a.s.e.ProcfsMetricsGetter [driver-heartbeater] Exception when trying to compute pagesize, as a result reporting of ProcessTree metrics is stopped
